#
# A fatal error has been detected by the Java Runtime Environment:
#
#  SIGSEGV (0xb) at pc=0x00007ff71c1165f0, pid=8139, tid=0x00007ff702933700
#
# JRE version: Java(TM) SE Runtime Environment (8.0_92-b14) (build 1.8.0_92-b14)
# Java VM: Java HotSpot(TM) 64-Bit Server VM (25.92-b14 mixed mode linux-amd64 compressed oops)
# Problematic frame:
# V  [libjvm.so+0x8a85f0]  Method::checked_resolve_jmethod_id(_jmethodID*)+0x20
#
# Failed to write core dump. Core dumps have been disabled. To enable core dumping, try "ulimit -c unlimited" before starting Java again
#
# If you would like to submit a bug report, please visit:
#   http://bugreport.java.com/bugreport/crash.jsp
#

---------------  T H R E A D  ---------------

Current thread (0x00007ff714181000):  JavaThread "JDWP Transport Listener: dt_socket" daemon [_thread_in_vm, id=8155, stack(0x00007ff702833000,0x00007ff702934000)]

siginfo: si_signo: 11 (SIGSEGV), si_code: 128 (SI_KERNEL), si_addr: 0x0000000000000000

Registers:
RAX=0x0000000000000001, RBX=0x00007ff7140034f0, RCX=0x00007ff71d24f2c0, RDX=0x00007ff71c828220
RSP=0x00007ff7029327d0, RBP=0x00007ff7029327e0, RSI=0x00007ff714181000, RDI=0x3b65636e65757165
R8 =0x00007ff6e8009820, R9 =0x0000000000000000, R10=0x00007ff6e8009810, R11=0x00007ff71c9e9870
R12=0x0000000000000017, R13=0x3b65636e65757165, R14=0x00007ff714181000, R15=0x00007ff7029328e7
RIP=0x00007ff71c1165f0, EFLAGS=0x0000000000010206, CSGSFS=0x002b000000000033, ERR=0x0000000000000000
  TRAPNO=0x000000000000000d

Top of Stack: (sp=0x00007ff7029327d0)
0x00007ff7029327d0:   0000000000000074 00007ff7140034f0
0x00007ff7029327e0:   00007ff702932850 00007ff71bfa6f8e
0x00007ff7029327f0:   00007ff702932810 00007ff702932800
0x00007ff702932800:   00007ff714181000 0000000000000000
0x00007ff702932810:   00007ff700000000 0000000000000000
0x00007ff702932820:   00007ff702932840 00007ff71af21e40
0x00007ff702932830:   3b65636e65757165 00007ff7029328e7
0x00007ff702932840:   0000000000000002 00007ff7029328e7
0x00007ff702932850:   00007ff702932880 00007ff71ad0d8c2
0x00007ff702932860:   00007ff702932880 3b65636e65757165
0x00007ff702932870:   00007ff702932950 0000000000000010
0x00007ff702932880:   00007ff702932910 00007ff71aceeaa0
0x00007ff702932890:   00007ff7029328c8 00007ff7029328c0
0x00007ff7029328a0:   00007ff7029328b8 00007ff7029328dc
0x00007ff7029328b0:   00000001e80038f0 0000000000000000
0x00007ff7029328c0:   0000000000000000 0000000000000000
0x00007ff7029328d0:   00007ff6e800b270 0000000a02932950
0x00007ff7029328e0:   0000000000000004 0000000000000002
0x00007ff7029328f0:   000000000000000f 0000000000000002
0x00007ff702932900:   00000000000f0200 000000000000000f
0x00007ff702932910:   00007ff702932b60 00007ff71acf99c6
0x00007ff702932920:   00017ee800000013 00007ff71c0f0200
0x00007ff702932930:   00007ff6e0000ba0 0000000000000000
0x00007ff702932940:   00007ff702932950 00007ff702932ae0
0x00007ff702932950:   00007ff7029329fb 00007ff7000000d1
0x00007ff702932960:   00007ff702932968 000000000000005b
0x00007ff702932970:   00007ff7029329a0 0000000000000000
0x00007ff702932980:   00007f0000000000 00017ee800000020
0x00007ff702932990:   00007ff700002a80 00007ff7029329a0
0x00007ff7029329a0:   f67f000004000000 04000000283e00e8
0x00007ff7029329b0:   160000006e69616d 2f6176616a4c5b28
0x00007ff7029329c0:   7274532f676e616c 000056293b676e69 

Instructions: (pc=0x00007ff71c1165f0)
0x00007ff71c1165d0:   55 48 89 e5 53 48 83 ec 08 48 85 ff 75 12 31 db
0x00007ff71c1165e0:   48 89 d8 48 83 c4 08 5b c9 c3 66 0f 1f 44 00 00
0x00007ff71c1165f0:   48 8b 1f 48 85 db 74 e6 48 83 fb 37 74 e0 48 8b
0x00007ff71c116600:   03 48 89 df ff 50 10 84 c0 0f 1f 80 00 00 00 00 

Register to memory mapping:

RAX=0x0000000000000001 is an unknown value
RBX=0x00007ff7140034f0 is an unknown value
RCX=0x00007ff71d24f2c0: <offset 0x2182c0> in /lib64/libpthread.so.0 at 0x00007ff71d037000
RDX=0x00007ff71c828220: <offset 0xfba220> in /usr/lib64/java/jre/lib/amd64/server/libjvm.so at 0x00007ff71b86e000
RSP=0x00007ff7029327d0 is pointing into the stack for thread: 0x00007ff714181000
RBP=0x00007ff7029327e0 is pointing into the stack for thread: 0x00007ff714181000
RSI=0x00007ff714181000 is a thread
RDI=0x3b65636e65757165 is an unknown value
R8 =0x00007ff6e8009820 is an unknown value
R9 =0x0000000000000000 is an unknown value
R10=0x00007ff6e8009810 is an unknown value
R11=0x00007ff71c9e9870: <offset 0x195870> in /lib64/libc.so.6 at 0x00007ff71c854000
R12=0x0000000000000017 is an unknown value
R13=0x3b65636e65757165 is an unknown value
R14=0x00007ff714181000 is a thread
R15=0x00007ff7029328e7 is pointing into the stack for thread: 0x00007ff714181000


Stack: [0x00007ff702833000,0x00007ff702934000],  sp=0x00007ff7029327d0,  free space=1021k
Native frames: (J=compiled Java code, j=interpreted, Vv=VM code, C=native code)
V  [libjvm.so+0x8a85f0]  Method::checked_resolve_jmethod_id(_jmethodID*)+0x20
V  [libjvm.so+0x738f8e]  jvmti_IsMethodSynthetic+0x2be
C  [libjdwp.so+0x258c2]  isMethodSynthetic+0x42
C  [libjdwp.so+0x6aa0]  methods1+0x1b0
C  [libjdwp.so+0x119c6]  debugLoop_run+0x2b6
C  [libjdwp.so+0x247ff]  attachThread+0x2f
V  [libjvm.so+0x7a5472]  JvmtiAgentThread::call_start_function()+0xc2
V  [libjvm.so+0xa6cc5f]  JavaThread::thread_main_inner()+0xdf
V  [libjvm.so+0xa6cd8c]  JavaThread::run()+0x11c
V  [libjvm.so+0x91fad8]  java_start(Thread*)+0x108
C  [libpthread.so.0+0x7684]  start_thread+0xc4


---------------  P R O C E S S  ---------------

Java Threads: ( => current thread )
  0x00007ff7142d2800 JavaThread "Service Thread" daemon [_thread_blocked, id=8165, stack(0x00007ff70232e000,0x00007ff70242f000)]
  0x00007ff7142cf800 JavaThread "C1 CompilerThread1" daemon [_thread_blocked, id=8164, stack(0x00007ff70242f000,0x00007ff702530000)]
  0x00007ff7142ce800 JavaThread "C2 CompilerThread0" daemon [_thread_blocked, id=8163, stack(0x00007ff702530000,0x00007ff702631000)]
  0x00007ff6e8001000 JavaThread "JDWP Command Reader" daemon [_thread_in_native, id=8159, stack(0x00007ff702631000,0x00007ff702732000)]
  0x00007ff714184800 JavaThread "JDWP Event Helper Thread" daemon [_thread_blocked, id=8158, stack(0x00007ff702732000,0x00007ff702833000)]
=>0x00007ff714181000 JavaThread "JDWP Transport Listener: dt_socket" daemon [_thread_in_vm, id=8155, stack(0x00007ff702833000,0x00007ff702934000)]
  0x00007ff714174000 JavaThread "Signal Dispatcher" daemon [_thread_blocked, id=8152, stack(0x00007ff702f5a000,0x00007ff70305b000)]
  0x00007ff714141800 JavaThread "Finalizer" daemon [_thread_blocked, id=8151, stack(0x00007ff70305b000,0x00007ff70315c000)]
  0x00007ff71413d000 JavaThread "Reference Handler" daemon [_thread_blocked, id=8150, stack(0x00007ff70315c000,0x00007ff70325d000)]
  0x00007ff714044800 JavaThread "main" [_thread_blocked, id=8141, stack(0x00007ff71d305000,0x00007ff71d406000)]

Other Threads:
  0x00007ff714135800 VMThread [stack: 0x00007ff70325d000,0x00007ff70335e000] [id=8149]
  0x00007ff7142e6800 WatcherThread [stack: 0x00007ff70222d000,0x00007ff70232e000] [id=8166]

VM state:not at safepoint (normal execution)

VM Mutex/Monitor currently owned by a thread: None

Heap:
 PSYoungGen      total 16384K, used 5052K [0x00000000ee400000, 0x00000000ef600000, 0x0000000100000000)
  eden space 14336K, 35% used [0x00000000ee400000,0x00000000ee8ef1e8,0x00000000ef200000)
  from space 2048K, 0% used [0x00000000ef400000,0x00000000ef400000,0x00000000ef600000)
  to   space 2048K, 0% used [0x00000000ef200000,0x00000000ef200000,0x00000000ef400000)
 ParOldGen       total 36864K, used 0K [0x00000000cac00000, 0x00000000cd000000, 0x00000000ee400000)
  object space 36864K, 0% used [0x00000000cac00000,0x00000000cac00000,0x00000000cd000000)
 Metaspace       used 4817K, capacity 5058K, committed 5248K, reserved 1056768K
  class space    used 507K, capacity 561K, committed 640K, reserved 1048576K

Card table byte_map: [0x00007ff719711000,0x00007ff7198bc000] byte_map_base: 0x00007ff7190bb000

Marking Bits: (ParMarkBitMap*) 0x00007ff71c8274c0
 Begin Bits: [0x00007ff703560000, 0x00007ff7042b0000)
 End Bits:   [0x00007ff7042b0000, 0x00007ff705000000)

Polling page: 0x00007ff71d476000

CodeCache: size=245760Kb used=1321Kb max_used=1321Kb free=244438Kb
 bounds [0x00007ff705000000, 0x00007ff705270000, 0x00007ff714000000]
 total_blobs=415 nmethods=137 adapters=200
 compilation: enabled

Compilation events (10 events):
Event: 1450.552 Thread 0x00007ff7142cf800  133       3       org.eclipse.jdt.launching.internal.org.objectweb.asm.SymbolTable::hash (20 bytes)
Event: 1450.552 Thread 0x00007ff7142cf800 nmethod 133 0x00007ff705148e90 code [0x00007ff705149020, 0x00007ff7051493a8]
Event: 2973.087 Thread 0x00007ff7142cf800  134       3       org.eclipse.jdt.launching.internal.org.objectweb.asm.ByteVector::<init> (13 bytes)
Event: 2973.087 Thread 0x00007ff7142cf800 nmethod 134 0x00007ff705149550 code [0x00007ff7051496c0, 0x00007ff705149910]
Event: 3442.636 Thread 0x00007ff7142cf800  135  s    3       java.lang.StringBuffer::append (13 bytes)
Event: 3442.637 Thread 0x00007ff7142cf800 nmethod 135 0x00007ff7051499d0 code [0x00007ff705149b40, 0x00007ff705149e68]
Event: 4216.606 Thread 0x00007ff7142cf800  136       3       org.eclipse.jdt.launching.internal.org.objectweb.asm.Handler::getExceptionTableLength (21 bytes)
Event: 4216.606 Thread 0x00007ff7142cf800 nmethod 136 0x00007ff705149f50 code [0x00007ff70514a0c0, 0x00007ff70514a2b0]
Event: 4427.211 Thread 0x00007ff7142cf800  137       3       org.eclipse.jdt.launching.internal.org.objectweb.asm.MethodWriter::visitInsn (115 bytes)
Event: 4427.212 Thread 0x00007ff7142cf800 nmethod 137 0x00007ff70514a390 code [0x00007ff70514a540, 0x00007ff70514aa08]

GC Heap History (0 events):
No events

Deoptimization events (0 events):
No events

Internal exceptions (2 events):
Event: 0.061 Thread 0x00007ff714044800 Exception <a 'java/lang/NoSuchMethodError': Method sun.misc.Unsafe.defineClass(Ljava/lang/String;[BII)Ljava/lang/Class; name or signature does not match> (0x00000000ee407cc0) thrown at [/HUDSON/workspace/8-2-build-linux-amd64/jdk8u92/6642/hotspot/src/shar
Event: 0.061 Thread 0x00007ff714044800 Exception <a 'java/lang/NoSuchMethodError': Method sun.misc.Unsafe.prefetchRead(Ljava/lang/Object;J)V name or signature does not match> (0x00000000ee407fa8) thrown at [/HUDSON/workspace/8-2-build-linux-amd64/jdk8u92/6642/hotspot/src/share/vm/prims/jni.cpp

Events (10 events):
Event: 3080.736 Executing VM operation: RedefineClasses
Event: 3080.737 Executing VM operation: RedefineClasses done
Event: 3080.739 Executing VM operation: ChangeBreakpoints
Event: 3080.739 Executing VM operation: ChangeBreakpoints done
Event: 3115.843 Executing VM operation: RedefineClasses
Event: 3115.843 Executing VM operation: RedefineClasses done
Event: 3115.857 Executing VM operation: ChangeBreakpoints
Event: 3115.857 Executing VM operation: ChangeBreakpoints done
Event: 4427.212 Executing VM operation: RedefineClasses
Event: 4427.213 Executing VM operation: RedefineClasses done


Dynamic libraries:
00400000-00401000 r-xp 00000000 08:02 1186630                            /usr/lib64/java/bin/java
00600000-00601000 rw-p 00000000 08:02 1186630                            /usr/lib64/java/bin/java
00d4a000-00d6b000 rw-p 00000000 00:00 0                                  [heap]
cac00000-cd000000 rw-p 00000000 00:00 0 
cd000000-ee400000 ---p 00000000 00:00 0 
ee400000-ef600000 rw-p 00000000 00:00 0 
ef600000-100000000 ---p 00000000 00:00 0 
100000000-1000a0000 rw-p 00000000 00:00 0 
1000a0000-140000000 ---p 00000000 00:00 0 
7ff6cc000000-7ff6cc021000 rw-p 00000000 00:00 0 
7ff6cc021000-7ff6d0000000 ---p 00000000 00:00 0 
7ff6d0000000-7ff6d009b000 rw-p 00000000 00:00 0 
7ff6d009b000-7ff6d4000000 ---p 00000000 00:00 0 
7ff6d4000000-7ff6d419c000 rw-p 00000000 00:00 0 
7ff6d419c000-7ff6d8000000 ---p 00000000 00:00 0 
7ff6d8000000-7ff6d8021000 rw-p 00000000 00:00 0 
7ff6d8021000-7ff6dc000000 ---p 00000000 00:00 0 
7ff6dc000000-7ff6dc021000 rw-p 00000000 00:00 0 
7ff6dc021000-7ff6e0000000 ---p 00000000 00:00 0 
7ff6e0000000-7ff6e0021000 rw-p 00000000 00:00 0 
7ff6e0021000-7ff6e4000000 ---p 00000000 00:00 0 
7ff6e4000000-7ff6e4021000 rw-p 00000000 00:00 0 
7ff6e4021000-7ff6e8000000 ---p 00000000 00:00 0 
7ff6e8000000-7ff6e82af000 rw-p 00000000 00:00 0 
7ff6e82af000-7ff6ec000000 ---p 00000000 00:00 0 
7ff6ec000000-7ff6ec021000 rw-p 00000000 00:00 0 
7ff6ec021000-7ff6f0000000 ---p 00000000 00:00 0 
7ff6f0000000-7ff6f0021000 rw-p 00000000 00:00 0 
7ff6f0021000-7ff6f4000000 ---p 00000000 00:00 0 
7ff6f4000000-7ff6f4021000 rw-p 00000000 00:00 0 
7ff6f4021000-7ff6f8000000 ---p 00000000 00:00 0 
7ff6f8000000-7ff6f8021000 rw-p 00000000 00:00 0 
7ff6f8021000-7ff6fc000000 ---p 00000000 00:00 0 
7ff6fc000000-7ff6fc021000 rw-p 00000000 00:00 0 
7ff6fc021000-7ff700000000 ---p 00000000 00:00 0 
7ff70222d000-7ff70222e000 ---p 00000000 00:00 0 
7ff70222e000-7ff70232e000 rw-p 00000000 00:00 0 
7ff70232e000-7ff702331000 ---p 00000000 00:00 0 
7ff702331000-7ff70242f000 rw-p 00000000 00:00 0 
7ff70242f000-7ff702432000 ---p 00000000 00:00 0 
7ff702432000-7ff702530000 rw-p 00000000 00:00 0 
7ff702530000-7ff702533000 ---p 00000000 00:00 0 
7ff702533000-7ff702631000 rw-p 00000000 00:00 0 
7ff702631000-7ff702634000 ---p 00000000 00:00 0 
7ff702634000-7ff702732000 rw-p 00000000 00:00 0 
7ff702732000-7ff702735000 ---p 00000000 00:00 0 
7ff702735000-7ff702833000 rw-p 00000000 00:00 0 
7ff702833000-7ff702836000 ---p 00000000 00:00 0 
7ff702836000-7ff702934000 rw-p 00000000 00:00 0 
7ff702934000-7ff70294b000 r-xp 00000000 08:02 3949295                    /lib64/libresolv-2.23.so
7ff70294b000-7ff702b4b000 ---p 00017000 08:02 3949295                    /lib64/libresolv-2.23.so
7ff702b4b000-7ff702b4c000 r--p 00017000 08:02 3949295                    /lib64/libresolv-2.23.so
7ff702b4c000-7ff702b4d000 rw-p 00018000 08:02 3949295                    /lib64/libresolv-2.23.so
7ff702b4d000-7ff702b4f000 rw-p 00000000 00:00 0 
7ff702b4f000-7ff702b54000 r-xp 00000000 08:02 3949372                    /lib64/libnss_dns-2.23.so
7ff702b54000-7ff702d54000 ---p 00005000 08:02 3949372                    /lib64/libnss_dns-2.23.so
7ff702d54000-7ff702d55000 r--p 00005000 08:02 3949372                    /lib64/libnss_dns-2.23.so
7ff702d55000-7ff702d56000 rw-p 00006000 08:02 3949372                    /lib64/libnss_dns-2.23.so
7ff702d56000-7ff702d5a000 r-xp 00000000 08:02 1186712                    /usr/lib64/java/jre/lib/amd64/libdt_socket.so
7ff702d5a000-7ff702f59000 ---p 00004000 08:02 1186712                    /usr/lib64/java/jre/lib/amd64/libdt_socket.so
7ff702f59000-7ff702f5a000 rw-p 00003000 08:02 1186712                    /usr/lib64/java/jre/lib/amd64/libdt_socket.so
7ff702f5a000-7ff702f5d000 ---p 00000000 00:00 0 
7ff702f5d000-7ff70305b000 rw-p 00000000 00:00 0 
7ff70305b000-7ff70305e000 ---p 00000000 00:00 0 
7ff70305e000-7ff70315c000 rw-p 00000000 00:00 0 
7ff70315c000-7ff70315f000 ---p 00000000 00:00 0 
7ff70315f000-7ff70325d000 rw-p 00000000 00:00 0 
7ff70325d000-7ff70325e000 ---p 00000000 00:00 0 
7ff70325e000-7ff705000000 rw-p 00000000 00:00 0 
7ff705000000-7ff705270000 rwxp 00000000 00:00 0 
7ff705270000-7ff714000000 ---p 00000000 00:00 0 
7ff714000000-7ff71458e000 rw-p 00000000 00:00 0 
7ff71458e000-7ff718000000 ---p 00000000 00:00 0 
7ff7180a4000-7ff7187fa000 rw-p 00000000 00:00 0 
7ff7187fa000-7ff7189d3000 r--s 03d24000 08:02 1186773                    /usr/lib64/java/jre/lib/rt.jar
7ff7189d3000-7ff718ec9000 rw-p 00000000 00:00 0 
7ff718ec9000-7ff719249000 ---p 00000000 00:00 0 
7ff719249000-7ff7193f3000 rw-p 00000000 00:00 0 
7ff7193f3000-7ff7193f4000 ---p 00000000 00:00 0 
7ff7193f4000-7ff7194f4000 rw-p 00000000 00:00 0 
7ff7194f4000-7ff7194f5000 ---p 00000000 00:00 0 
7ff7194f5000-7ff719607000 rw-p 00000000 00:00 0 
7ff719607000-7ff719711000 ---p 00000000 00:00 0 
7ff719711000-7ff719723000 rw-p 00000000 00:00 0 
7ff719723000-7ff71982d000 ---p 00000000 00:00 0 
7ff71982d000-7ff719836000 rw-p 00000000 00:00 0 
7ff719836000-7ff7198bb000 ---p 00000000 00:00 0 
7ff7198bb000-7ff7198c6000 rw-p 00000000 00:00 0 
7ff7198c6000-7ff719c7c000 ---p 00000000 00:00 0 
7ff719c7c000-7ff719c96000 r-xp 00000000 08:02 1186720                    /usr/lib64/java/jre/lib/amd64/libzip.so
7ff719c96000-7ff719e96000 ---p 0001a000 08:02 1186720                    /usr/lib64/java/jre/lib/amd64/libzip.so
7ff719e96000-7ff719e97000 rw-p 0001a000 08:02 1186720                    /usr/lib64/java/jre/lib/amd64/libzip.so
7ff719e97000-7ff719ea2000 r-xp 00000000 08:02 3949339                    /lib64/libnss_files-2.23.so
7ff719ea2000-7ff71a0a1000 ---p 0000b000 08:02 3949339                    /lib64/libnss_files-2.23.so
7ff71a0a1000-7ff71a0a2000 r--p 0000a000 08:02 3949339                    /lib64/libnss_files-2.23.so
7ff71a0a2000-7ff71a0a3000 rw-p 0000b000 08:02 3949339                    /lib64/libnss_files-2.23.so
7ff71a0a3000-7ff71a0a9000 rw-p 00000000 00:00 0 
7ff71a0a9000-7ff71a0b4000 r-xp 00000000 08:02 3949401                    /lib64/libnss_nis-2.23.so
7ff71a0b4000-7ff71a2b3000 ---p 0000b000 08:02 3949401                    /lib64/libnss_nis-2.23.so
7ff71a2b3000-7ff71a2b4000 r--p 0000a000 08:02 3949401                    /lib64/libnss_nis-2.23.so
7ff71a2b4000-7ff71a2b5000 rw-p 0000b000 08:02 3949401                    /lib64/libnss_nis-2.23.so
7ff71a2b5000-7ff71a2cb000 r-xp 00000000 08:02 3949313                    /lib64/libnsl-2.23.so
7ff71a2cb000-7ff71a4cb000 ---p 00016000 08:02 3949313                    /lib64/libnsl-2.23.so
7ff71a4cb000-7ff71a4cc000 r--p 00016000 08:02 3949313                    /lib64/libnsl-2.23.so
7ff71a4cc000-7ff71a4cd000 rw-p 00017000 08:02 3949313                    /lib64/libnsl-2.23.so
7ff71a4cd000-7ff71a4cf000 rw-p 00000000 00:00 0 
7ff71a4cf000-7ff71a4d7000 r-xp 00000000 08:02 3949376                    /lib64/libnss_compat-2.23.so
7ff71a4d7000-7ff71a6d6000 ---p 00008000 08:02 3949376                    /lib64/libnss_compat-2.23.so
7ff71a6d6000-7ff71a6d7000 r--p 00007000 08:02 3949376                    /lib64/libnss_compat-2.23.so
7ff71a6d7000-7ff71a6d8000 rw-p 00008000 08:02 3949376                    /lib64/libnss_compat-2.23.so
7ff71a6d8000-7ff71a6e2000 r-xp 00000000 08:02 1186715                    /usr/lib64/java/jre/lib/amd64/libinstrument.so
7ff71a6e2000-7ff71a8e1000 ---p 0000a000 08:02 1186715                    /usr/lib64/java/jre/lib/amd64/libinstrument.so
7ff71a8e1000-7ff71a8e2000 rw-p 00009000 08:02 1186715                    /usr/lib64/java/jre/lib/amd64/libinstrument.so
7ff71a8e2000-7ff71a8e4000 r-xp 00000000 08:02 2434497                    /usr/lib64/gconv/ISO8859-1.so
7ff71a8e4000-7ff71aae3000 ---p 00002000 08:02 2434497                    /usr/lib64/gconv/ISO8859-1.so
7ff71aae3000-7ff71aae4000 r--p 00001000 08:02 2434497                    /usr/lib64/gconv/ISO8859-1.so
7ff71aae4000-7ff71aae5000 rw-p 00002000 08:02 2434497                    /usr/lib64/gconv/ISO8859-1.so
7ff71aae5000-7ff71aae7000 r-xp 00000000 08:02 1186734                    /usr/lib64/java/jre/lib/amd64/libnpt.so
7ff71aae7000-7ff71ace7000 ---p 00002000 08:02 1186734                    /usr/lib64/java/jre/lib/amd64/libnpt.so
7ff71ace7000-7ff71ace8000 rw-p 00002000 08:02 1186734                    /usr/lib64/java/jre/lib/amd64/libnpt.so
7ff71ace8000-7ff71ad21000 r-xp 00000000 08:02 1186680                    /usr/lib64/java/jre/lib/amd64/libjdwp.so
7ff71ad21000-7ff71af20000 ---p 00039000 08:02 1186680                    /usr/lib64/java/jre/lib/amd64/libjdwp.so
7ff71af20000-7ff71af22000 rw-p 00038000 08:02 1186680                    /usr/lib64/java/jre/lib/amd64/libjdwp.so
7ff71af22000-7ff71af4c000 r-xp 00000000 08:02 1186673                    /usr/lib64/java/jre/lib/amd64/libjava.so
7ff71af4c000-7ff71b14c000 ---p 0002a000 08:02 1186673                    /usr/lib64/java/jre/lib/amd64/libjava.so
7ff71b14c000-7ff71b14e000 rw-p 0002a000 08:02 1186673                    /usr/lib64/java/jre/lib/amd64/libjava.so
7ff71b14e000-7ff71b15b000 r-xp 00000000 08:02 1186679                    /usr/lib64/java/jre/lib/amd64/libverify.so
7ff71b15b000-7ff71b35b000 ---p 0000d000 08:02 1186679                    /usr/lib64/java/jre/lib/amd64/libverify.so
7ff71b35b000-7ff71b35d000 rw-p 0000d000 08:02 1186679                    /usr/lib64/java/jre/lib/amd64/libverify.so
7ff71b35d000-7ff71b364000 r-xp 00000000 08:02 3949301                    /lib64/librt-2.23.so
7ff71b364000-7ff71b563000 ---p 00007000 08:02 3949301                    /lib64/librt-2.23.so
7ff71b563000-7ff71b564000 r--p 00006000 08:02 3949301                    /lib64/librt-2.23.so
7ff71b564000-7ff71b565000 rw-p 00007000 08:02 3949301                    /lib64/librt-2.23.so
7ff71b565000-7ff71b66d000 r-xp 00000000 08:02 3949333                    /lib64/libm-2.23.so
7ff71b66d000-7ff71b86c000 ---p 00108000 08:02 3949333                    /lib64/libm-2.23.so
7ff71b86c000-7ff71b86d000 r--p 00107000 08:02 3949333                    /lib64/libm-2.23.so
7ff71b86d000-7ff71b86e000 rw-p 00108000 08:02 3949333                    /lib64/libm-2.23.so
7ff71b86e000-7ff71c531000 r-xp 00000000 08:02 1186726                    /usr/lib64/java/jre/lib/amd64/server/libjvm.so
7ff71c531000-7ff71c730000 ---p 00cc3000 08:02 1186726                    /usr/lib64/java/jre/lib/amd64/server/libjvm.so
7ff71c730000-7ff71c809000 rw-p 00cc2000 08:02 1186726                    /usr/lib64/java/jre/lib/amd64/server/libjvm.so
7ff71c809000-7ff71c854000 rw-p 00000000 00:00 0 
7ff71c854000-7ff71ca14000 r-xp 00000000 08:02 3949264                    /lib64/libc-2.23.so
7ff71ca14000-7ff71cc13000 ---p 001c0000 08:02 3949264                    /lib64/libc-2.23.so
7ff71cc13000-7ff71cc17000 r--p 001bf000 08:02 3949264                    /lib64/libc-2.23.so
7ff71cc17000-7ff71cc19000 rw-p 001c3000 08:02 3949264                    /lib64/libc-2.23.so
7ff71cc19000-7ff71cc1d000 rw-p 00000000 00:00 0 
7ff71cc1d000-7ff71cc20000 r-xp 00000000 08:02 3949306                    /lib64/libdl-2.23.so
7ff71cc20000-7ff71ce1f000 ---p 00003000 08:02 3949306                    /lib64/libdl-2.23.so
7ff71ce1f000-7ff71ce20000 r--p 00002000 08:02 3949306                    /lib64/libdl-2.23.so
7ff71ce20000-7ff71ce21000 rw-p 00003000 08:02 3949306                    /lib64/libdl-2.23.so
7ff71ce21000-7ff71ce36000 r-xp 00000000 08:02 1185305                    /usr/lib64/java/lib/amd64/jli/libjli.so
7ff71ce36000-7ff71d036000 ---p 00015000 08:02 1185305                    /usr/lib64/java/lib/amd64/jli/libjli.so
7ff71d036000-7ff71d037000 rw-p 00015000 08:02 1185305                    /usr/lib64/java/lib/amd64/jli/libjli.so
7ff71d037000-7ff71d04f000 r-xp 00000000 08:02 3949275                    /lib64/libpthread-2.23.so
7ff71d04f000-7ff71d24e000 ---p 00018000 08:02 3949275                    /lib64/libpthread-2.23.so
7ff71d24e000-7ff71d24f000 r--p 00017000 08:02 3949275                    /lib64/libpthread-2.23.so
7ff71d24f000-7ff71d250000 rw-p 00018000 08:02 3949275                    /lib64/libpthread-2.23.so
7ff71d250000-7ff71d254000 rw-p 00000000 00:00 0 
7ff71d254000-7ff71d279000 r-xp 00000000 08:02 3949354                    /lib64/ld-2.23.so
7ff71d290000-7ff71d2a3000 r--s 00344000 08:02 1186755                    /usr/lib64/java/jre/lib/resources.jar
7ff71d2a3000-7ff71d2a6000 r--s 0001a000 08:02 1186744                    /usr/lib64/java/jre/lib/jce.jar
7ff71d2a6000-7ff71d2aa000 r--s 00097000 08:02 1186758                    /usr/lib64/java/jre/lib/jsse.jar
7ff71d2aa000-7ff71d305000 rw-p 00000000 00:00 0 
7ff71d305000-7ff71d308000 ---p 00000000 00:00 0 
7ff71d308000-7ff71d40a000 rw-p 00000000 00:00 0 
7ff71d40c000-7ff71d40f000 r--s 0001e000 08:02 1691988                    /opt/progetti/eclipse_com/configuration/org.eclipse.osgi/247/0/.cp/lib/javaagent-shaded.jar
7ff71d40f000-7ff71d420000 rw-p 00000000 00:00 0 
7ff71d420000-7ff71d428000 rw-s 00000000 08:02 3810938                    /tmp/hsperfdata_root/8139
7ff71d428000-7ff71d46b000 r--p 00000000 08:02 3554504                    /usr/lib64/locale/en_US/LC_CTYPE
7ff71d46b000-7ff71d46c000 r--p 00000000 08:02 3554507                    /usr/lib64/locale/en_US/LC_NUMERIC
7ff71d46c000-7ff71d46d000 r--p 00000000 08:02 2519335                    /usr/lib64/locale/en_US/LC_TIME
7ff71d46d000-7ff71d46e000 r--p 00000000 08:02 2519338                    /usr/lib64/locale/en_US/LC_MONETARY
7ff71d46e000-7ff71d46f000 r--p 00000000 08:02 2664293                    /usr/lib64/locale/en_US/LC_MESSAGES/SYS_LC_MESSAGES
7ff71d46f000-7ff71d470000 r--p 00000000 08:02 3554692                    /usr/lib64/locale/en_US/LC_PAPER
7ff71d470000-7ff71d471000 r--p 00000000 08:02 2519323                    /usr/lib64/locale/en_US/LC_NAME
7ff71d471000-7ff71d472000 r--p 00000000 08:02 2519336                    /usr/lib64/locale/en_US/LC_ADDRESS
7ff71d472000-7ff71d473000 r--p 00000000 08:02 2519325                    /usr/lib64/locale/en_US/LC_TELEPHONE
7ff71d473000-7ff71d474000 r--p 00000000 08:02 2519324                    /usr/lib64/locale/en_US/LC_MEASUREMENT
7ff71d474000-7ff71d475000 r--p 00000000 08:02 2519337                    /usr/lib64/locale/en_US/LC_IDENTIFICATION
7ff71d475000-7ff71d476000 rw-p 00000000 00:00 0 
7ff71d476000-7ff71d477000 r--p 00000000 00:00 0 
7ff71d477000-7ff71d478000 rw-p 00000000 00:00 0 
7ff71d478000-7ff71d479000 r--p 00024000 08:02 3949354                    /lib64/ld-2.23.so
7ff71d479000-7ff71d47a000 rw-p 00025000 08:02 3949354                    /lib64/ld-2.23.so
7ff71d47a000-7ff71d47b000 rw-p 00000000 00:00 0 
7ffde1436000-7ffde1457000 rw-p 00000000 00:00 0                          [stack]
7ffde147d000-7ffde1480000 r--p 00000000 00:00 0                          [vvar]
7ffde1480000-7ffde1482000 r-xp 00000000 00:00 0                          [vdso]
ffffffffff600000-ffffffffff601000 r-xp 00000000 00:00 0                  [vsyscall]

VM Arguments:
jvm_args: -agentlib:jdwp=transport=dt_socket,suspend=y,address=localhost:46287 -javaagent:/opt/progetti/eclipse_com/configuration/org.eclipse.osgi/247/0/.cp/lib/javaagent-shaded.jar -Dfile.encoding=ISO-8859-1 
java_command: esempi.Divisore
java_class_path (initial): /root/Workspace_Eclipse/esempi/bin:/opt/progetti/eclipse_com/configuration/org.eclipse.osgi/247/0/.cp/lib/javaagent-shaded.jar
Launcher Type: SUN_STANDARD

Environment Variables:
JAVA_HOME=/usr/lib64/openjdk
PATH=/usr/local/sbin:/usr/sbin:/sbin:/opt/progetti/MPS-2000:/opt/progetti/MPS-2000_v2:/opt/progetti/MAC-2000:/opt/progetti/MAC-2000_v2:/usr/local/bin:/usr/bin:/bin:/usr/games:/usr/lib64/java/bin:/usr/lib64/java/jre/bin:/usr/lib64/kde4/libexec:/usr/lib64/libreoffice/program:/usr/lib64/openjdk/bin:/usr/lib64/openjdk/jre/bin:/usr/lib64/qt/bin:/usr/lib64/qt5/bin:/opt/scilab/bin:/usr/share/texmf/bin:.
SHELL=/bin/bash
DISPLAY=:0.0

Signal Handlers:
SIGSEGV: [libjvm.so+0xabdee0], sa_mask[0]=11111111011111111101111111111110, sa_flags=SA_RESTART|SA_SIGINFO
SIGBUS: [libjvm.so+0xabdee0], sa_mask[0]=11111111011111111101111111111110, sa_flags=SA_RESTART|SA_SIGINFO
SIGFPE: [libjvm.so+0x91a580], sa_mask[0]=11111111011111111101111111111110, sa_flags=SA_RESTART|SA_SIGINFO
SIGPIPE: [libjvm.so+0x91a580], sa_mask[0]=11111111011111111101111111111110, sa_flags=SA_RESTART|SA_SIGINFO
SIGXFSZ: [libjvm.so+0x91a580], sa_mask[0]=11111111011111111101111111111110, sa_flags=SA_RESTART|SA_SIGINFO
SIGILL: [libjvm.so+0x91a580], sa_mask[0]=11111111011111111101111111111110, sa_flags=SA_RESTART|SA_SIGINFO
SIGUSR1: SIG_DFL, sa_mask[0]=00000000000000000000000000000000, sa_flags=none
SIGUSR2: [libjvm.so+0x91bbb0], sa_mask[0]=00100000000000000000000000000000, sa_flags=SA_RESTART|SA_SIGINFO
SIGHUP: [libjvm.so+0x91cfb0], sa_mask[0]=11111111011111111101111111111110, sa_flags=SA_RESTART|SA_SIGINFO
SIGINT: [libjvm.so+0x91cfb0], sa_mask[0]=11111111011111111101111111111110, sa_flags=SA_RESTART|SA_SIGINFO
SIGTERM: [libjvm.so+0x91cfb0], sa_mask[0]=11111111011111111101111111111110, sa_flags=SA_RESTART|SA_SIGINFO
SIGQUIT: [libjvm.so+0x91cfb0], sa_mask[0]=11111111011111111101111111111110, sa_flags=SA_RESTART|SA_SIGINFO


---------------  S Y S T E M  ---------------

OS:NAME=Slackware
VERSION="14.2"
ID=slackware
VERSION_ID=14.2
PRETTY_NAME="Slackware 14.2"
ANSI_COLOR="0;34"
CPE_NAME="cpe:/o:slackware:slackware_linux:14.2"
HOME_URL="http://slackware.com/"
SUPPORT_URL="http://www.linuxquestions.org/questions/slackware-14/"
BUG_REPORT_URL="http://www.linuxquestions.org/questions/slackware-14/"

uname:Linux 4.14.81 #1 SMP Fri Nov 16 11:56:51 CET 2018 x86_64
libc:glibc 2.23 NPTL 2.23 
rlimit: STACK 8192k, CORE 0k, NPROC 13583, NOFILE 4096, AS infinity
load average:1.31 1.20 1.13

/proc/meminfo:
MemTotal:        3481784 kB
MemFree:          293320 kB
MemAvailable:     619708 kB
Buffers:           37012 kB
Cached:           680932 kB
SwapCached:         2104 kB
Active:          2067708 kB
Inactive:         876132 kB
Active(anon):    1765352 kB
Inactive(anon):   513516 kB
Active(file):     302356 kB
Inactive(file):   362616 kB
Unevictable:          32 kB
Mlocked:              32 kB
SwapTotal:       3711996 kB
SwapFree:        3694304 kB
Dirty:               156 kB
Writeback:             0 kB
AnonPages:       2213032 kB
Mapped:           401560 kB
Shmem:             54224 kB
Slab:             130144 kB
SReclaimable:      95052 kB
SUnreclaim:        35092 kB
KernelStack:       14492 kB
PageTables:        36200 kB
NFS_Unstable:          0 kB
Bounce:                0 kB
WritebackTmp:          0 kB
CommitLimit:     5452888 kB
Committed_AS:    5265576 kB
VmallocTotal:   34359738367 kB
VmallocUsed:           0 kB
VmallocChunk:          0 kB
AnonHugePages:   1144832 kB
ShmemHugePages:        0 kB
ShmemPmdMapped:        0 kB
DirectMap4k:       94080 kB
DirectMap2M:     3559424 kB


CPU:total 2 (2 cores per cpu, 1 threads per core) family 6 model 42 stepping 7, cmov, cx8, fxsr, mmx, sse, sse2, sse3, ssse3, sse4.1, sse4.2, popcnt, avx, aes, clmul, tsc, tscinvbit

/proc/cpuinfo:
processor	: 0
vendor_id	: GenuineIntel
cpu family	: 6
model		: 42
model name	: Intel(R) Core(TM) i7-2640M CPU @ 2.80GHz
stepping	: 7
microcode	: 0x2e
cpu MHz		: 2790.949
cache size	: 4096 KB
physical id	: 0
siblings	: 2
core id		: 0
cpu cores	: 2
apicid		: 0
initial apicid	: 0
fpu		: yes
fpu_exception	: yes
cpuid level	: 13
wp		: yes
flags		: fpu vme de pse tsc msr pae mce cx8 apic sep mtrr pge mca cmov pat pse36 clflush mmx fxsr sse sse2 ss ht syscall nx rdtscp lm constant_tsc arch_perfmon nopl xtopology tsc_reliable nonstop_tsc cpuid pni pclmulqdq ssse3 cx16 pcid sse4_1 sse4_2 x2apic popcnt tsc_deadline_timer aes xsave avx hypervisor lahf_lm pti ssbd ibrs ibpb stibp tsc_adjust arat flush_l1d arch_capabilities
bugs		: cpu_meltdown spectre_v1 spectre_v2 spec_store_bypass l1tf
bogomips	: 5581.89
clflush size	: 64
cache_alignment	: 64
address sizes	: 42 bits physical, 48 bits virtual
power management:

processor	: 1
vendor_id	: GenuineIntel
cpu family	: 6
model		: 42
model name	: Intel(R) Core(TM) i7-2640M CPU @ 2.80GHz
stepping	: 7
microcode	: 0x2e
cpu MHz		: 2790.949
cache size	: 4096 KB
physical id	: 0
siblings	: 2
core id		: 1
cpu cores	: 2
apicid		: 1
initial apicid	: 1
fpu		: yes
fpu_exception	: yes
cpuid level	: 13
wp		: yes
flags		: fpu vme de pse tsc msr pae mce cx8 apic sep mtrr pge mca cmov pat pse36 clflush mmx fxsr sse sse2 ss ht syscall nx rdtscp lm constant_tsc arch_perfmon nopl xtopology tsc_reliable nonstop_tsc cpuid pni pclmulqdq ssse3 cx16 pcid sse4_1 sse4_2 x2apic popcnt tsc_deadline_timer aes xsave avx hypervisor lahf_lm pti ssbd ibrs ibpb stibp tsc_adjust arat flush_l1d arch_capabilities
bugs		: cpu_meltdown spectre_v1 spectre_v2 spec_store_bypass l1tf
bogomips	: 5581.89
clflush size	: 64
cache_alignment	: 64
address sizes	: 42 bits physical, 48 bits virtual
power management:



Memory: 4k page, physical 3481784k(293320k free), swap 3711996k(3694304k free)

vm_info: Java HotSpot(TM) 64-Bit Server VM (25.92-b14) for linux-amd64 JRE (1.8.0_92-b14), built on Mar 31 2016 21:08:29 by "java_re" with gcc 4.3.0 20080428 (Red Hat 4.3.0-8)

time: Wed Sep 16 10:54:04 2020
elapsed time: 4427 seconds (0d 1h 13m 47s)

